<?xml version="1.0" encoding="UTF-8"?>
<testsuite xmlns:xsi="http://www.w3.org/2001/XMLSchema-instance" xsi:noNamespaceSchemaLocation="https://maven.apache.org/surefire/maven-surefire-plugin/xsd/surefire-test-report-3.0.xsd" version="3.0" name="com.example.freezer.FreezerApplicationTests" time="6.523" tests="1" errors="0" skipped="0" failures="0">
  <properties>
[...]
</properties>
  <testcase name="contextLoads" classname="com.example.freezer.FreezerApplicationTests" time="0.465">
    <system-out><![CDATA[21:03:53.793 [main] INFO org.springframework.test.context.support.AnnotationConfigContextLoaderUtils -- Could not detect default configuration classes for test class [com.example.freezer.FreezerApplicationTests]: FreezerApplicationTests does not declare any static, non-private, non-final, nested classes annotated with @Configuration.
21:03:53.874 [main] INFO org.springframework.boot.test.context.SpringBootTestContextBootstrapper -- Found @SpringBootConfiguration com.example.freezer.FreezerApplication for test class com.example.freezer.FreezerApplicationTests
21:03:54.007 [main] INFO org.springframework.boot.devtools.restart.RestartApplicationListener -- Restart disabled due to context in which it is running

  .   ____          _            __ _ _
 /\\ / ___'_ __ _ _(_)_ __  __ _ \ \ \ \
( ( )\___ | '_ | '_| | '_ \/ _` | \ \ \ \
 \\/  ___)| |_)| | | | | || (_| |  ) ) ) )
  '  |____| .__|_| |_|_| |_\__, | / / / /
 =========|_|==============|___/=/_/_/_/

 :: Spring Boot ::                (v3.3.4)

2024-11-24T21:03:54.184-03:00  INFO 10976 --- [freezer] [           main] c.e.freezer.FreezerApplicationTests      : Starting FreezerApplicationTests using Java 21.0.1 with PID 10976 (started by Thomas in C:\Users\Thomas\Documents\UADE\2C 2024\Seminario\Freezer-BKE)
2024-11-24T21:03:54.186-03:00  INFO 10976 --- [freezer] [           main] c.e.freezer.FreezerApplicationTests      : No active profile set, falling back to 1 default profile: "default"
2024-11-24T21:03:54.693-03:00  INFO 10976 --- [freezer] [           main] .s.d.r.c.RepositoryConfigurationDelegate : Bootstrapping Spring Data JPA repositories in DEFAULT mode.
2024-11-24T21:03:54.761-03:00  INFO 10976 --- [freezer] [           main] .s.d.r.c.RepositoryConfigurationDelegate : Finished Spring Data repository scanning in 58 ms. Found 6 JPA repository interfaces.
2024-11-24T21:03:55.201-03:00  INFO 10976 --- [freezer] [           main] o.hibernate.jpa.internal.util.LogHelper  : HHH000204: Processing PersistenceUnitInfo [name: default]
2024-11-24T21:03:55.252-03:00  INFO 10976 --- [freezer] [           main] org.hibernate.Version                    : HHH000412: Hibernate ORM core version 6.5.3.Final
2024-11-24T21:03:55.277-03:00  INFO 10976 --- [freezer] [           main] o.h.c.internal.RegionFactoryInitiator    : HHH000026: Second-level cache disabled
2024-11-24T21:03:55.568-03:00  INFO 10976 --- [freezer] [           main] o.s.o.j.p.SpringPersistenceUnitInfo      : No LoadTimeWeaver setup: ignoring JPA class transformer
2024-11-24T21:03:55.596-03:00  INFO 10976 --- [freezer] [           main] com.zaxxer.hikari.HikariDataSource       : HikariPool-1 - Starting...
2024-11-24T21:03:56.497-03:00  INFO 10976 --- [freezer] [           main] com.zaxxer.hikari.pool.HikariPool        : HikariPool-1 - Added connection ConnectionID:1 ClientConnectionId: 6c368d07-17e7-45c0-8be5-c67a516f8fdc
2024-11-24T21:03:56.499-03:00  INFO 10976 --- [freezer] [           main] com.zaxxer.hikari.HikariDataSource       : HikariPool-1 - Start completed.
2024-11-24T21:03:56.522-03:00  WARN 10976 --- [freezer] [           main] org.hibernate.orm.deprecation            : HHH90000025: SQLServerDialect does not need to be specified explicitly using 'hibernate.dialect' (remove the property setting and it will be selected by default)
2024-11-24T21:03:57.375-03:00  INFO 10976 --- [freezer] [           main] o.h.e.t.j.p.i.JtaPlatformInitiator       : HHH000489: No JTA platform available (set 'hibernate.transaction.jta.platform' to enable JTA platform integration)
2024-11-24T21:03:58.971-03:00  INFO 10976 --- [freezer] [           main] j.LocalContainerEntityManagerFactoryBean : Initialized JPA EntityManagerFactory for persistence unit 'default'
2024-11-24T21:03:59.409-03:00  WARN 10976 --- [freezer] [           main] JpaBaseConfiguration$JpaWebConfiguration : spring.jpa.open-in-view is enabled by default. Therefore, database queries may be performed during view rendering. Explicitly configure spring.jpa.open-in-view to disable this warning
2024-11-24T21:03:59.709-03:00  INFO 10976 --- [freezer] [           main] c.e.freezer.FreezerApplicationTests      : Started FreezerApplicationTests in 5.712 seconds (process running for 6.526)
]]></system-out>
    <system-err><![CDATA[WARNING: A Java agent has been loaded dynamically (C:\Users\Thomas\.m2\repository\net\bytebuddy\byte-buddy-agent\1.14.19\byte-buddy-agent-1.14.19.jar)
WARNING: If a serviceability tool is in use, please run with -XX:+EnableDynamicAgentLoading to hide this warning
WARNING: If a serviceability tool is not in use, please run with -Djdk.instrument.traceUsage for more information
WARNING: Dynamic loading of agents will be disallowed by default in a future release
]]></system-err>
  </testcase>
</testsuite>